[0;34m[INFO][0m Initializing databases with schema...
[0;34m[INFO][0m Waiting for database services to be ready...
[0;34m[INFO][0m Running PostgreSQL migrations...
[0;34m[INFO][0m   Running 000_files_table.sql...
CREATE TABLE
CREATE INDEX
CREATE INDEX
CREATE INDEX
CREATE INDEX
CREATE INDEX
CREATE INDEX
CREATE INDEX
CREATE INDEX
CREATE INDEX
CREATE TABLE
NOTICE:  relation "file_content" already exists, skipping
CREATE FUNCTION
CREATE TRIGGER
COMMENT
COMMENT
COMMENT
COMMENT
COMMENT
COMMENT
[0;32m[SUCCESS][0m     ✓ 000_files_table.sql completed
[0;34m[INFO][0m   Running 001_knowledge_management.sql...
CREATE TABLE
CREATE INDEX
CREATE INDEX
CREATE INDEX
CREATE INDEX
CREATE INDEX
CREATE INDEX
CREATE TABLE
CREATE INDEX
CREATE INDEX
CREATE INDEX
CREATE INDEX
CREATE INDEX
CREATE TABLE
CREATE INDEX
CREATE INDEX
CREATE INDEX
CREATE INDEX
CREATE TABLE
CREATE INDEX
CREATE INDEX
CREATE INDEX
CREATE INDEX
CREATE FUNCTION
CREATE TRIGGER
COMMENT
COMMENT
COMMENT
COMMENT
COMMENT
COMMENT
COMMENT
COMMENT
COMMENT
COMMENT
COMMENT
[0;32m[SUCCESS][0m     ✓ 001_knowledge_management.sql completed
[0;34m[INFO][0m   Running 002_knowledge_public_assets.sql...
ALTER TABLE
ALTER TABLE
CREATE INDEX
CREATE INDEX
COMMENT
COMMENT
COMMENT
[0;32m[SUCCESS][0m     ✓ 002_knowledge_public_assets.sql completed
[0;34m[INFO][0m Creating default users...
[0;32m[SUCCESS][0m ✓ Created default users: admin, jdehart
[0;34m[INFO][0m   Login credentials:
[0;34m[INFO][0m     Username: admin  | Password: admin
[0;34m[INFO][0m     Username: jdehart | Password: jdehart
[0;34m[INFO][0m Initializing Neo4j schema...
[0;34m[INFO][0m Initializing Qdrant collections...
[0;32m[SUCCESS][0m ✓ Created Qdrant collections: knowledge_chunks, knowledge_large, odras_requirements
[0;34m[INFO][0m Creating demo project with navigation system knowledge...
[0;34m[INFO][0m Waiting for application to be ready...
[0;32m[SUCCESS][0m ✓ Application is ready
[0;34m[INFO][0m Running demo project setup...
[0;32m[SUCCESS][0m ✓ Demo project setup completed successfully
[0;32m[SUCCESS][0m ✓ Demo contains 3 knowledge assets
[0;34m[INFO][0m Adding admin user to the project...
[0;32m[SUCCESS][0m ✓ Added admin user to project
[0;32m[SUCCESS][0m 🎉 Database initialization completed with demo project!
[0;34m[INFO][0m 📊 Created: ODRAS Default Project
[0;34m[INFO][0m 📚 Pre-loaded with:
[0;34m[INFO][0m    • Navigation system requirements
[0;34m[INFO][0m    • Safety protocols and procedures
[0;34m[INFO][0m    • Technical specifications
[0;34m[INFO][0m 🔧 Enhanced Ontology includes:
[0;34m[INFO][0m    • Data properties for all classes
[0;34m[INFO][0m    • CAD model & specification URLs
[0;34m[INFO][0m    • Navigation system properties
[0;34m[INFO][0m    • Safety protocol attributes
[0;34m[INFO][0m 🔐 Login credentials:
[0;34m[INFO][0m    👤 jdehart / jdehart (project member)
[0;34m[INFO][0m    👑 admin / admin (administrator)
[0;34m[INFO][0m 🌐 URL: http://localhost:8000/app#wb=knowledge
[0;34m[INFO][0m 💡 Try asking questions like:
[0;34m[INFO][0m    • 'What are the navigation system requirements?'
[0;34m[INFO][0m    • 'What safety procedures should be followed?'
[0;34m[INFO][0m    • 'What are the technical specifications?'
